<?xml version="1.0" encoding="UTF-8"?>
<!-- Generated by org.testng.reporters.JUnitXMLReporter -->
<testsuite ignored="0" hostname="BSC-C3SR6C2" failures="0" tests="4" name="Admin Portal" time="88.53" errors="0" timestamp="27 May 2021 14:22:14 GMT">
  <testcase classname="org.simplilearn.workshop.admin.adminDashboardTest" name="selectFeature" time="9.876"/>
  <testcase classname="org.simplilearn.workshop.admin.adminDashboardTest" name="userBlock" time="9.354"/>
  <testcase classname="org.simplilearn.workshop.admin.adminDashboardTest" name="userActivate" time="9.4"/>
  <testcase classname="org.simplilearn.workshop.admin.adminDashboardTest" name="chequeBookRequest" time="10.408"/>
</testsuite> <!-- Admin Portal -->
