<?xml version="1.0" encoding="UTF-8"?>
<!-- Generated by org.testng.reporters.JUnitXMLReporter -->
<testsuite ignored="0" hostname="BSC-C3SR6C2" failures="0" tests="8" name="User Portal" time="135.344" errors="0" timestamp="30 May 2021 07:24:52 GMT">
  <testcase classname="org.simplilearn.workshop.user.userDashboardTest" name="deposit" time="5.628"/>
  <testcase classname="org.simplilearn.workshop.user.userDashboardTest" name="withdraw" time="5.623"/>
  <testcase classname="org.simplilearn.workshop.user.userDashboardTest" name="transfer" time="5.958"/>
  <testcase classname="org.simplilearn.workshop.user.userDashboardTest" name="requestChequeBook" time="5.481"/>
  <testcase classname="org.simplilearn.workshop.user.userDashboardTest" name="transactionHistory" time="3.887"/>
  <testcase classname="org.simplilearn.workshop.user.userDashboardTest" name="transferHistory" time="3.818"/>
  <testcase classname="org.simplilearn.workshop.user.userDashboardTest" name="editProfile" time="6.067"/>
  <testcase classname="org.simplilearn.workshop.user.userDashboardTest" name="changePassword" time="6.086"/>
</testsuite> <!-- User Portal -->
