<?xml version="1.0" encoding="UTF-8"?>
<!-- Generated by org.testng.reporters.JUnitXMLReporter -->
<testsuite ignored="0" hostname="BSC-C3SR6C2" failures="0" tests="8" name="User Portal" time="164.785" errors="0" timestamp="27 May 2021 14:20:46 GMT">
  <testcase classname="org.simplilearn.workshop.user.userDashboardTest" name="deposit" time="8.187"/>
  <testcase classname="org.simplilearn.workshop.user.userDashboardTest" name="withdraw" time="8.09"/>
  <testcase classname="org.simplilearn.workshop.user.userDashboardTest" name="transfer" time="11.725"/>
  <testcase classname="org.simplilearn.workshop.user.userDashboardTest" name="requestCheckBook" time="7.269"/>
  <testcase classname="org.simplilearn.workshop.user.userDashboardTest" name="transactionHistory" time="4.396"/>
  <testcase classname="org.simplilearn.workshop.user.userDashboardTest" name="transferHistory" time="4.424"/>
  <testcase classname="org.simplilearn.workshop.user.userDashboardTest" name="editProfile" time="7.78"/>
  <testcase classname="org.simplilearn.workshop.user.userDashboardTest" name="changePassword" time="9.7"/>
</testsuite> <!-- User Portal -->
