<?xml version="1.0" encoding="UTF-8"?>
<testng-results ignored="0" total="16" passed="16" failed="0" skipped="0">
  <reporter-output>
  </reporter-output>
  <suite started-at="2021-05-30T07:21:16Z" name="AllTests" finished-at="2021-05-30T07:26:06Z" duration-ms="289849">
    <groups>
    </groups>
    <test started-at="2021-05-30T07:21:16Z" name="Register" finished-at="2021-05-30T07:21:43Z" duration-ms="26980">
      <class name="org.simplilearn.workshop.user.userRegisterTest">
        <test-method signature="userRegister()[pri:0, instance:org.simplilearn.workshop.user.userRegisterTest@95e33cc]" started-at="2021-05-30T07:21:27Z" name="userRegister" finished-at="2021-05-30T07:21:43Z" duration-ms="16938" status="PASS">
          <reporter-output>
          </reporter-output>
        </test-method> <!-- userRegister -->
      </class> <!-- org.simplilearn.workshop.user.userRegisterTest -->
      <class name="org.simplilearn.workshop.admin.adminRegisterTest">
        <test-method signature="adminRegister()[pri:0, instance:org.simplilearn.workshop.admin.adminRegisterTest@44d52de2]" started-at="2021-05-30T07:21:17Z" name="adminRegister" finished-at="2021-05-30T07:21:27Z" duration-ms="9993" status="PASS">
          <reporter-output>
          </reporter-output>
        </test-method> <!-- adminRegister -->
      </class> <!-- org.simplilearn.workshop.admin.adminRegisterTest -->
    </test> <!-- Register -->
    <test started-at="2021-05-30T07:21:44Z" name="User KYC" finished-at="2021-05-30T07:22:36Z" duration-ms="52941">
      <class name="org.simplilearn.workshop.admin.adminKycTest">
        <test-method is-config="true" signature="login()[pri:0, instance:org.simplilearn.workshop.admin.adminKycTest@2421cc4]" started-at="2021-05-30T07:21:44Z" name="login" finished-at="2021-05-30T07:21:52Z" duration-ms="8879" status="PASS">
          <reporter-output>
          </reporter-output>
        </test-method> <!-- login -->
        <test-method signature="kycAccept()[pri:1, instance:org.simplilearn.workshop.admin.adminKycTest@2421cc4]" started-at="2021-05-30T07:21:52Z" name="kycAccept" finished-at="2021-05-30T07:22:11Z" duration-ms="18483" status="PASS">
          <reporter-output>
          </reporter-output>
        </test-method> <!-- kycAccept -->
        <test-method is-config="true" signature="endTest()[pri:0, instance:org.simplilearn.workshop.admin.adminKycTest@2421cc4]" started-at="2021-05-30T07:22:11Z" name="endTest" finished-at="2021-05-30T07:22:15Z" duration-ms="3750" status="PASS">
          <reporter-output>
          </reporter-output>
        </test-method> <!-- endTest -->
        <test-method is-config="true" signature="login()[pri:0, instance:org.simplilearn.workshop.admin.adminKycTest@2421cc4]" started-at="2021-05-30T07:22:15Z" name="login" finished-at="2021-05-30T07:22:23Z" duration-ms="8613" status="PASS">
          <reporter-output>
          </reporter-output>
        </test-method> <!-- login -->
        <test-method signature="kycReject()[pri:2, instance:org.simplilearn.workshop.admin.adminKycTest@2421cc4]" started-at="2021-05-30T07:22:23Z" name="kycReject" finished-at="2021-05-30T07:22:33Z" duration-ms="9387" status="PASS">
          <reporter-output>
          </reporter-output>
        </test-method> <!-- kycReject -->
        <test-method is-config="true" signature="endTest()[pri:0, instance:org.simplilearn.workshop.admin.adminKycTest@2421cc4]" started-at="2021-05-30T07:22:33Z" name="endTest" finished-at="2021-05-30T07:22:36Z" duration-ms="3805" status="PASS">
          <reporter-output>
          </reporter-output>
        </test-method> <!-- endTest -->
      </class> <!-- org.simplilearn.workshop.admin.adminKycTest -->
    </test> <!-- User KYC -->
    <test started-at="2021-05-30T07:22:36Z" name="User Portal" finished-at="2021-05-30T07:24:52Z" duration-ms="135344">
      <class name="org.simplilearn.workshop.user.userDashboardTest">
        <test-method is-config="true" signature="login()[pri:0, instance:org.simplilearn.workshop.user.userDashboardTest@2c78d320]" started-at="2021-05-30T07:22:36Z" name="login" finished-at="2021-05-30T07:22:44Z" duration-ms="7593" status="PASS">
          <reporter-output>
          </reporter-output>
        </test-method> <!-- login -->
        <test-method signature="deposit()[pri:1, instance:org.simplilearn.workshop.user.userDashboardTest@2c78d320]" started-at="2021-05-30T07:22:44Z" name="deposit" finished-at="2021-05-30T07:22:50Z" duration-ms="5628" status="PASS">
          <reporter-output>
          </reporter-output>
        </test-method> <!-- deposit -->
        <test-method is-config="true" signature="logout()[pri:0, instance:org.simplilearn.workshop.user.userDashboardTest@2c78d320]" started-at="2021-05-30T07:22:50Z" name="logout" finished-at="2021-05-30T07:22:54Z" duration-ms="4442" status="PASS">
          <reporter-output>
          </reporter-output>
        </test-method> <!-- logout -->
        <test-method is-config="true" signature="login()[pri:0, instance:org.simplilearn.workshop.user.userDashboardTest@2c78d320]" started-at="2021-05-30T07:22:54Z" name="login" finished-at="2021-05-30T07:23:01Z" duration-ms="6730" status="PASS">
          <reporter-output>
          </reporter-output>
        </test-method> <!-- login -->
        <test-method signature="withdraw()[pri:2, instance:org.simplilearn.workshop.user.userDashboardTest@2c78d320]" started-at="2021-05-30T07:23:01Z" name="withdraw" finished-at="2021-05-30T07:23:07Z" duration-ms="5623" status="PASS">
          <reporter-output>
          </reporter-output>
        </test-method> <!-- withdraw -->
        <test-method is-config="true" signature="logout()[pri:0, instance:org.simplilearn.workshop.user.userDashboardTest@2c78d320]" started-at="2021-05-30T07:23:07Z" name="logout" finished-at="2021-05-30T07:23:11Z" duration-ms="4841" status="PASS">
          <reporter-output>
          </reporter-output>
        </test-method> <!-- logout -->
        <test-method is-config="true" signature="login()[pri:0, instance:org.simplilearn.workshop.user.userDashboardTest@2c78d320]" started-at="2021-05-30T07:23:11Z" name="login" finished-at="2021-05-30T07:23:18Z" duration-ms="6486" status="PASS">
          <reporter-output>
          </reporter-output>
        </test-method> <!-- login -->
        <test-method signature="transfer()[pri:3, instance:org.simplilearn.workshop.user.userDashboardTest@2c78d320]" started-at="2021-05-30T07:23:18Z" name="transfer" finished-at="2021-05-30T07:23:24Z" duration-ms="5958" status="PASS">
          <reporter-output>
          </reporter-output>
        </test-method> <!-- transfer -->
        <test-method is-config="true" signature="logout()[pri:0, instance:org.simplilearn.workshop.user.userDashboardTest@2c78d320]" started-at="2021-05-30T07:23:24Z" name="logout" finished-at="2021-05-30T07:23:29Z" duration-ms="4843" status="PASS">
          <reporter-output>
          </reporter-output>
        </test-method> <!-- logout -->
        <test-method is-config="true" signature="login()[pri:0, instance:org.simplilearn.workshop.user.userDashboardTest@2c78d320]" started-at="2021-05-30T07:23:29Z" name="login" finished-at="2021-05-30T07:23:36Z" duration-ms="7046" status="PASS">
          <reporter-output>
          </reporter-output>
        </test-method> <!-- login -->
        <test-method signature="requestChequeBook()[pri:4, instance:org.simplilearn.workshop.user.userDashboardTest@2c78d320]" started-at="2021-05-30T07:23:36Z" name="requestChequeBook" finished-at="2021-05-30T07:23:41Z" duration-ms="5481" status="PASS">
          <reporter-output>
          </reporter-output>
        </test-method> <!-- requestChequeBook -->
        <test-method is-config="true" signature="logout()[pri:0, instance:org.simplilearn.workshop.user.userDashboardTest@2c78d320]" started-at="2021-05-30T07:23:41Z" name="logout" finished-at="2021-05-30T07:23:46Z" duration-ms="4475" status="PASS">
          <reporter-output>
          </reporter-output>
        </test-method> <!-- logout -->
        <test-method is-config="true" signature="login()[pri:0, instance:org.simplilearn.workshop.user.userDashboardTest@2c78d320]" started-at="2021-05-30T07:23:46Z" name="login" finished-at="2021-05-30T07:23:53Z" duration-ms="7043" status="PASS">
          <reporter-output>
          </reporter-output>
        </test-method> <!-- login -->
        <test-method signature="transactionHistory()[pri:5, instance:org.simplilearn.workshop.user.userDashboardTest@2c78d320]" started-at="2021-05-30T07:23:53Z" name="transactionHistory" finished-at="2021-05-30T07:23:57Z" duration-ms="3887" status="PASS">
          <reporter-output>
          </reporter-output>
        </test-method> <!-- transactionHistory -->
        <test-method is-config="true" signature="logout()[pri:0, instance:org.simplilearn.workshop.user.userDashboardTest@2c78d320]" started-at="2021-05-30T07:23:57Z" name="logout" finished-at="2021-05-30T07:24:01Z" duration-ms="4561" status="PASS">
          <reporter-output>
          </reporter-output>
        </test-method> <!-- logout -->
        <test-method is-config="true" signature="login()[pri:0, instance:org.simplilearn.workshop.user.userDashboardTest@2c78d320]" started-at="2021-05-30T07:24:01Z" name="login" finished-at="2021-05-30T07:24:08Z" duration-ms="6618" status="PASS">
          <reporter-output>
          </reporter-output>
        </test-method> <!-- login -->
        <test-method signature="transferHistory()[pri:6, instance:org.simplilearn.workshop.user.userDashboardTest@2c78d320]" started-at="2021-05-30T07:24:08Z" name="transferHistory" finished-at="2021-05-30T07:24:12Z" duration-ms="3818" status="PASS">
          <reporter-output>
          </reporter-output>
        </test-method> <!-- transferHistory -->
        <test-method is-config="true" signature="logout()[pri:0, instance:org.simplilearn.workshop.user.userDashboardTest@2c78d320]" started-at="2021-05-30T07:24:12Z" name="logout" finished-at="2021-05-30T07:24:16Z" duration-ms="4697" status="PASS">
          <reporter-output>
          </reporter-output>
        </test-method> <!-- logout -->
        <test-method is-config="true" signature="login()[pri:0, instance:org.simplilearn.workshop.user.userDashboardTest@2c78d320]" started-at="2021-05-30T07:24:16Z" name="login" finished-at="2021-05-30T07:24:23Z" duration-ms="6739" status="PASS">
          <reporter-output>
          </reporter-output>
        </test-method> <!-- login -->
        <test-method signature="editProfile()[pri:7, instance:org.simplilearn.workshop.user.userDashboardTest@2c78d320]" started-at="2021-05-30T07:24:23Z" name="editProfile" finished-at="2021-05-30T07:24:29Z" duration-ms="6067" status="PASS">
          <reporter-output>
          </reporter-output>
        </test-method> <!-- editProfile -->
        <test-method is-config="true" signature="logout()[pri:0, instance:org.simplilearn.workshop.user.userDashboardTest@2c78d320]" started-at="2021-05-30T07:24:29Z" name="logout" finished-at="2021-05-30T07:24:34Z" duration-ms="4778" status="PASS">
          <reporter-output>
          </reporter-output>
        </test-method> <!-- logout -->
        <test-method is-config="true" signature="login()[pri:0, instance:org.simplilearn.workshop.user.userDashboardTest@2c78d320]" started-at="2021-05-30T07:24:34Z" name="login" finished-at="2021-05-30T07:24:41Z" duration-ms="7499" status="PASS">
          <reporter-output>
          </reporter-output>
        </test-method> <!-- login -->
        <test-method signature="changePassword()[pri:8, instance:org.simplilearn.workshop.user.userDashboardTest@2c78d320]" started-at="2021-05-30T07:24:41Z" name="changePassword" finished-at="2021-05-30T07:24:47Z" duration-ms="6086" status="PASS">
          <reporter-output>
          </reporter-output>
        </test-method> <!-- changePassword -->
        <test-method is-config="true" signature="logout()[pri:0, instance:org.simplilearn.workshop.user.userDashboardTest@2c78d320]" started-at="2021-05-30T07:24:47Z" name="logout" finished-at="2021-05-30T07:24:52Z" duration-ms="4378" status="PASS">
          <reporter-output>
          </reporter-output>
        </test-method> <!-- logout -->
      </class> <!-- org.simplilearn.workshop.user.userDashboardTest -->
    </test> <!-- User Portal -->
    <test started-at="2021-05-30T07:24:52Z" name="Admin Portal" finished-at="2021-05-30T07:26:06Z" duration-ms="74496">
      <class name="org.simplilearn.workshop.admin.adminDashboardTest">
        <test-method is-config="true" signature="login()[pri:0, instance:org.simplilearn.workshop.admin.adminDashboardTest@5c2375a9]" started-at="2021-05-30T07:24:52Z" name="login" finished-at="2021-05-30T07:25:00Z" duration-ms="8621" status="PASS">
          <reporter-output>
          </reporter-output>
        </test-method> <!-- login -->
        <test-method signature="selectFeature()[pri:1, instance:org.simplilearn.workshop.admin.adminDashboardTest@5c2375a9]" started-at="2021-05-30T07:25:00Z" name="selectFeature" finished-at="2021-05-30T07:25:06Z" duration-ms="5535" status="PASS">
          <reporter-output>
          </reporter-output>
        </test-method> <!-- selectFeature -->
        <test-method is-config="true" signature="endTest()[pri:0, instance:org.simplilearn.workshop.admin.adminDashboardTest@5c2375a9]" started-at="2021-05-30T07:25:06Z" name="endTest" finished-at="2021-05-30T07:25:10Z" duration-ms="3562" status="PASS">
          <reporter-output>
          </reporter-output>
        </test-method> <!-- endTest -->
        <test-method is-config="true" signature="login()[pri:0, instance:org.simplilearn.workshop.admin.adminDashboardTest@5c2375a9]" started-at="2021-05-30T07:25:10Z" name="login" finished-at="2021-05-30T07:25:18Z" duration-ms="8885" status="PASS">
          <reporter-output>
          </reporter-output>
        </test-method> <!-- login -->
        <test-method signature="userBlock()[pri:2, instance:org.simplilearn.workshop.admin.adminDashboardTest@5c2375a9]" started-at="2021-05-30T07:25:18Z" name="userBlock" finished-at="2021-05-30T07:25:23Z" duration-ms="4955" status="PASS">
          <reporter-output>
          </reporter-output>
        </test-method> <!-- userBlock -->
        <test-method is-config="true" signature="endTest()[pri:0, instance:org.simplilearn.workshop.admin.adminDashboardTest@5c2375a9]" started-at="2021-05-30T07:25:23Z" name="endTest" finished-at="2021-05-30T07:25:27Z" duration-ms="3434" status="PASS">
          <reporter-output>
          </reporter-output>
        </test-method> <!-- endTest -->
        <test-method is-config="true" signature="login()[pri:0, instance:org.simplilearn.workshop.admin.adminDashboardTest@5c2375a9]" started-at="2021-05-30T07:25:27Z" name="login" finished-at="2021-05-30T07:25:35Z" duration-ms="8548" status="PASS">
          <reporter-output>
          </reporter-output>
        </test-method> <!-- login -->
        <test-method signature="userActivate()[pri:3, instance:org.simplilearn.workshop.admin.adminDashboardTest@5c2375a9]" started-at="2021-05-30T07:25:35Z" name="userActivate" finished-at="2021-05-30T07:25:40Z" duration-ms="4843" status="PASS">
          <reporter-output>
          </reporter-output>
        </test-method> <!-- userActivate -->
        <test-method is-config="true" signature="endTest()[pri:0, instance:org.simplilearn.workshop.admin.adminDashboardTest@5c2375a9]" started-at="2021-05-30T07:25:40Z" name="endTest" finished-at="2021-05-30T07:25:44Z" duration-ms="3848" status="PASS">
          <reporter-output>
          </reporter-output>
        </test-method> <!-- endTest -->
        <test-method is-config="true" signature="login()[pri:0, instance:org.simplilearn.workshop.admin.adminDashboardTest@5c2375a9]" started-at="2021-05-30T07:25:44Z" name="login" finished-at="2021-05-30T07:25:53Z" duration-ms="8920" status="PASS">
          <reporter-output>
          </reporter-output>
        </test-method> <!-- login -->
        <test-method signature="chequeBookRequest()[pri:4, instance:org.simplilearn.workshop.admin.adminDashboardTest@5c2375a9]" started-at="2021-05-30T07:25:53Z" name="chequeBookRequest" finished-at="2021-05-30T07:26:03Z" duration-ms="9588" status="PASS">
          <reporter-output>
          </reporter-output>
        </test-method> <!-- chequeBookRequest -->
        <test-method is-config="true" signature="endTest()[pri:0, instance:org.simplilearn.workshop.admin.adminDashboardTest@5c2375a9]" started-at="2021-05-30T07:26:03Z" name="endTest" finished-at="2021-05-30T07:26:06Z" duration-ms="3743" status="PASS">
          <reporter-output>
          </reporter-output>
        </test-method> <!-- endTest -->
      </class> <!-- org.simplilearn.workshop.admin.adminDashboardTest -->
    </test> <!-- Admin Portal -->
  </suite> <!-- AllTests -->
</testng-results>
